
real	3m53.089s
user	0m0.007s
sys	0m0.012s
Job ID           : 59110533
Cluster          : spartan
User/Project     : zep/comp90024
Nodes            : 1
Wall-clock time  : 00:03:55 / 00:05:00

Displaying overall resources usage from 2024-05-04 19:54:07 to 2024-05-04 19:58:02:

NODE            CPU#        TOT%   ( USR   / SYS   / WIO   / IDLE  ) 

spartan-bm181 : 
                CPU# 1    : 95.7   (  88.2 /   7.5 /   0.0 /   4.3 ) 
                CPU# 2    : 39.0   (  32.2 /   6.8 /   0.0 /  61.0 ) 
                CPU# 3    : 38.5   (  32.4 /   6.1 /   0.0 /  61.5 ) 
                CPU# 4    : 38.3   (  32.1 /   6.2 /   0.0 /  61.7 ) 
                CPU# 5    : 38.6   (  32.5 /   6.1 /   0.0 /  61.4 ) 
                CPU# 6    : 38.3   (  32.5 /   5.8 /   0.0 /  61.7 ) 
                CPU# 7    : 38.7   (  32.4 /   6.2 /   0.0 /  61.3 ) 
                CPU# 8    : 38.5   (  32.6 /   5.9 /   0.0 /  61.4 ) 


Allocated CPUs            : 8    
  CPUs with usage <25%    : 0    
  CPUs with usage <50%    : 7    
  CPUs with usage >50%    : 1    

Memory used (RAM)         : 0.0%  [5MB of 33555MB]

--------------------------------------------

